0:100  0:100  MemLog inited, TSC freq: 1800273490
0:100  0:000  CPU was calibrated with RTC
0:100  0:000  
0:100  0:000  Now is 15.5.2018,  17:38:57 (GMT)
0:100  0:000  Starting Clover revision: 4449 on American Megatrends EFI
0:100  0:000  Build with: [Args: -t XCODE8 -mc -D DISABLE_USB_SUPPORT | -D DISABLE_USB_SUPPORT -D USE_BIOS_BLOCKIO -D USE_LOW_EBDA -a X64 -b RELEASE -t XCODE8 -n 5 | OS: 10.13.4 | XCODE: 9.3]
0:100  0:000  SelfDevicePath=PciRoot(0x0)\Pci(0x17,0x0)\Sata(0x1,0xFFFF,0x0)\HD(1,GPT,2CE91DF8-6262-4CD6-B796-814BB2559188,0x28,0x64000) @9A3A4718
0:100  0:000  SelfDirPath = \EFI\BOOT
0:103  0:003  === [ Get Smbios ] ========================================
0:108  0:005  Type 16 Index = 0
0:108  0:000  Total Memory Slots Count = 4
0:108  0:000  Type 17 Index = 0
0:108  0:000  Ignoring insane frequency value 0MHz
0:108  0:000  SmbiosTable.Type17->Speed = 0MHz
0:108  0:000  SmbiosTable.Type17->Size = 0MB
0:108  0:000  SmbiosTable.Type17->Bank/Device = BANK 0 ChannelA-DIMM0
0:108  0:000  SmbiosTable.Type17->Vendor = <null string>
0:108  0:000  SmbiosTable.Type17->SerialNumber = <null string>
0:108  0:000  SmbiosTable.Type17->PartNumber = <null string>
0:108  0:000  Type 17 Index = 1
0:108  0:000  Ignoring insane frequency value 0MHz
0:108  0:000  SmbiosTable.Type17->Speed = 0MHz
0:108  0:000  SmbiosTable.Type17->Size = 0MB
0:108  0:000  SmbiosTable.Type17->Bank/Device = BANK 1 ChannelA-DIMM1
0:108  0:000  SmbiosTable.Type17->Vendor = <null string>
0:108  0:000  SmbiosTable.Type17->SerialNumber = <null string>
0:108  0:000  SmbiosTable.Type17->PartNumber = <null string>
0:108  0:000  Type 17 Index = 2
0:108  0:000  SmbiosTable.Type17->Speed = 2400MHz
0:108  0:000  SmbiosTable.Type17->Size = 8192MB
0:108  0:000  SmbiosTable.Type17->Bank/Device = BANK 2 ChannelB-DIMM0
0:108  0:000  SmbiosTable.Type17->Vendor = Samsung
0:108  0:000  SmbiosTable.Type17->SerialNumber = 37F6E24E
0:108  0:000  SmbiosTable.Type17->PartNumber = M471A1K43CB1-CRC    
0:108  0:000  Type 17 Index = 3
0:108  0:000  Ignoring insane frequency value 0MHz
0:108  0:000  SmbiosTable.Type17->Speed = 0MHz
0:108  0:000  SmbiosTable.Type17->Size = 0MB
0:108  0:000  SmbiosTable.Type17->Bank/Device = BANK 3 ChannelB-DIMM1
0:108  0:000  SmbiosTable.Type17->Vendor = <null string>
0:108  0:000  SmbiosTable.Type17->SerialNumber = <null string>
0:108  0:000  SmbiosTable.Type17->PartNumber = <null string>
0:108  0:000  Boot status=0
0:108  0:000  Running on: 'X510UAR' with board 'X510UAR'
0:108  0:000  === [ GetCPUProperties ] ==================================
0:108  0:000  CPU Vendor = 756E6547 Model=806EA
0:108  0:000   The CPU supported SSE4.1
0:108  0:000  BrandString = Intel(R) Core(TM) i5-8250U CPU @ 1.60GHz
0:108  0:000   The CPU supported turbo
0:108  0:000  MSR 0x35               40008
0:108  0:000   TSC/CCC Information Leaf:
0:108  0:000    numerator     : 150
0:108  0:000    denominator   : 2
0:108  0:000   Calibrated ARTFrequency: 24003646
0:108  0:000  MSR 0xE2 before patch 1E008008
0:108  0:000  MSR 0xE2 is locked, PM patches will be turned on
0:108  0:000  MSR 0xCE              0004043D_F1011200
0:108  0:000  corrected FLEX_RATIO = 0
0:108  0:000  MSR 0x1B0             00000000
0:108  0:000  FSBFrequency = 84 MHz, DMI FSBFrequency = 100 MHz, Corrected FSBFrequency = 100 MHz
0:108  0:000  MaxDiv/MinDiv: 18.0/4
0:108  0:000  Turbo: 34/34/34/34
0:108  0:000  Features: 0xBFEBFBFF
0:108  0:000  Threads: 8
0:108  0:000  Cores: 4
0:108  0:000  FSB: 100 MHz
0:108  0:000  CPU: 1500 MHz
0:108  0:000  TSC: 1500 MHz
0:108  0:000  PIS: 100 MHz
0:108  0:000  ExternalClock: 25 MHz
0:108  0:000  === [ GetDevices ] ========================================
0:108  0:000  PCI (00|00:00.00) : 8086 5914 class=060000
0:108  0:000  PCI (00|00:02.00) : 8086 5917 class=030000
0:108  0:000   - GFX: Model=Intel UHD Graphics 620 (Intel)
0:108  0:000  PCI (00|00:04.00) : 8086 1903 class=118000
0:108  0:000  PCI (00|00:14.00) : 8086 9D2F class=0C0330
0:109  0:000  PCI (00|00:14.02) : 8086 9D31 class=118000
0:109  0:000  PCI (00|00:15.00) : 8086 9D60 class=118000
0:109  0:000  PCI (00|00:15.01) : 8086 9D61 class=118000
0:109  0:000  PCI (00|00:16.00) : 8086 9D3A class=078000
0:109  0:000  PCI (00|00:17.00) : 8086 9D03 class=010601
0:109  0:000  PCI (00|00:1C.00) : 8086 9D10 class=060400
0:109  0:000  PCI (00|00:1C.05) : 8086 9D15 class=060400
0:109  0:000  PCI (00|02:00.00) : 8086 24FD class=028000
0:109  0:000   - WIFI: Vendor=Intel
0:109  0:000  PCI (00|00:1E.00) : 8086 9D27 class=118000
0:109  0:000  PCI (00|00:1E.02) : 8086 9D29 class=118000
0:109  0:000  PCI (00|00:1F.00) : 8086 9D4E class=060100
0:109  0:000  PCI (00|00:1F.02) : 8086 9D21 class=058000
0:109  0:000  PCI (00|00:1F.03) : 8086 9D71 class=040300
0:109  0:000  PCI (00|00:1F.04) : 8086 9D23 class=0C0500
0:109  0:000  === [ GetDefaultSettings ] ================================
0:109  0:000  Clover load options size = 0 bytes
0:128  0:019  EFI\CLOVER\config.plist loaded: Success
0:134  0:005  === [ GetListOfThemes ] ===================================
0:135  0:001  - [00]: random
0:138  0:003  - [00]: bootcamp
0:141  0:003  - [01]: embedded
0:146  0:004  === [ Found config plists ] ===============================
0:148  0:002  - config.plist
0:149  0:000  === [ GetEarlyUserSettings ] ==============================
0:149  0:000  timeout set to 5
0:149  0:000  Custom boot CUSTOM_BOOT_DISABLED (0x0)
0:149  0:000  KextsToPatch: 7 requested
0:149  0:000   - [00]: com.apple.driver.AppleIntelSKLGraphicsFramebuffer (显存1536MB->2048MB) :: BinPatch :: data len: 16
0:149  0:000   - [01]: com.apple.driver.AppleBacklight (AppleBacklightInjector.kext (credit RehabMan)) :: BinPatch :: data len: 9
0:149  0:000   - [02]: com.apple.driver.AppleIntelSKLGraphicsFramebuffer (HDMI-audio补丁,端口0204,0x19160000) :: BinPatch :: data len: 12
0:149  0:000   - [03]: com.apple.driver.AppleIntelSKLGraphicsFramebuffer (HDMI-audio补丁,端口0105,0x19160000) :: BinPatch :: data len: 12
0:149  0:000   - [04]: com.apple.iokit.IOAHCIBlockStorage (Enable TRIM for SSD) :: BinPatch :: data len: 11
0:149  0:000   - [05]: com.apple.iokit.IOGraphicsFamily (第二阶段8个苹果) :: MatchOS: 10.13.x :: BinPatch :: data len: 5
0:149  0:000   - [06]: com.apple.driver.AppleAHCIPort (扩展磁盘图标补丁) :: BinPatch :: data len: 8
0:149  0:000  Default theme: Asus
0:149  0:000  Hiding entries with string Preboot
0:149  0:000  Hiding entries with string Recovery
0:149  0:000   Custom EDID is ok
0:149  0:000  === [ LoadDrivers ] =======================================
0:153  0:003  Loading OsxFatBinaryDrv-64.efi  status=Success
0:161  0:008  Loading HFSPlus.efi  status=Success
0:167  0:006   - driver needs connecting
0:167  0:000  Loading PartitionDxe-64.efi  status=Success
0:174  0:006   - driver needs connecting
0:174  0:000  Loading AppleImageCodec-64.efi  status=Success
0:181  0:007  Loading AppleUITheme-64.efi  status=Success
0:188  0:006  Loading DataHubDxe-64.efi  status=Success
0:195  0:007  Loading AppleKeyAggregator-64.efi  status=Success
0:201  0:005  Loading apfs.efi  status=Success
0:219  0:018   - driver needs connecting
0:219  0:000  Loading OsxAptioFix2Drv-64.efi  status=Success
0:225  0:006  Loading FSInject-64.efi  status=Success
0:232  0:006  Loading FirmwareVolume-64.efi  status=Success
0:238  0:006  Loading EmuVariableUefi-64.efi  status=Success
0:244  0:006  EmuVariableUefi Initialize: VariableCommonInitialize = Success, orig services stored, install gEmuVariableControlProtocolGuid = Success
0:245  0:000  Loading SMCHelper-64.efi  status=Success
0:251  0:005  Loading NTFS.efi  status=Success
0:261  0:009   - driver needs connecting
0:261  0:000  4 drivers needs connecting ...
0:261  0:000  PlatformDriverOverrideProtocol not found. Installing ... Success
0:261  0:000  Partition driver loaded: 
0:261  0:000  HFS+ driver loaded
0:261  0:000  APFS driver loaded
0:261  0:000  Searching for invalid DiskIo BY_DRIVER connects: not found, all ok
1:393  1:131  EmuVariable InstallEmulation: orig vars copied, emu.var.services installed, CreateEvent VirtualAddressChange = Success, CreateEvent ExitBootServices = Success, set Status=Success
1:490  0:096  === [ InitScreen ] ========================================
1:490  0:000  SetScreenResolution: 1920x1080 - already set
1:490  0:000  Console modes reported: 4, available modes:
1:490  0:000   - [01]: 80x25 (current mode)
1:490  0:000   - [02]: 80x50
1:490  0:000   - [03]: 100x31
1:490  0:000   - [04]: 240x56
1:490  0:000  reinit: self device path=PciRoot(0x0)\Pci(0x17,0x0)\Sata(0x1,0xFFFF,0x0)\HD(1,GPT,2CE91DF8-6262-4CD6-B796-814BB2559188,0x28,0x64000)
1:492  0:001  === [ GetMacAddress ] =====================================
1:492  0:000   get legacy LAN MAC, 0 card found
1:492  0:000  === [ ScanSPD ] ===========================================
1:492  0:000  SMBus device : 8086 9D23 class=0C0500 status=Success
1:492  0:000  SMBus CmdReg: 0x3
1:492  0:000  Scanning SMBus [8086:9D23], mmio: 0xEF132004, ioport: 0xF040, hostc: 0x11
1:492  0:000  Slots to scan [8]...
1:493  0:000  SPD[2]: Type 12 @0x52
1:511  0:017  Not using XMP because it is not present
1:511  0:000  DDR speed 2400MHz
1:511  0:000  Slot: 2 Type 26 8192MB 2400MHz Vendor=Samsung PartNo=M471A1K43CB1-CRC SerialNo=03070F060E02040E
1:512  0:000  === [ GetAcpiTablesList ] =================================
1:518  0:005  Get Acpi Tables List from RSDT:
1:518  0:000   - [00]: FACP  Notebook len=132
1:518  0:000   - [01]: APIC  Notebook len=188
1:518  0:000   - [02]: FPDT  Notebook len=68
1:518  0:000   - [03]: FIDT  Notebook len=156
1:518  0:000   - [04]: ECDT  Notebook len=193
1:518  0:000   - [05]: MCFG  Notebook len=60
1:518  0:000   - [06]: SSDT  SataTabl len=857
1:518  0:000   - [07]: SSDT  DptfTabl len=27983
1:518  0:000   - [08]: MSDM  Notebook len=85
1:518  0:000   - [09]: SSDT  SaSsdt  len=12615
1:518  0:000   - [10]: HPET  KBL-ULT len=56
1:518  0:000   - [11]: UEFI  Notebook len=66
1:518  0:000   - [12]: SSDT  CpuSsdt len=6062
1:518  0:000   - [13]: LPIT  KBL-ULT len=148
1:518  0:000   - [14]: SSDT  HdaDsp len=321
1:518  0:000   - [15]: SSDT  sensrhub len=671
1:518  0:000   - [16]: SSDT  TbtTypeC len=1303
1:518  0:000   - [17]: DBGP   len=52
1:518  0:000   - [18]: DBG2   len=84
1:518  0:000   - [19]: DMAR  KBL  len=312
1:518  0:000   - [20]: BGRT  Notebook len=56
1:518  0:000   - [21]: TPM2  Notebook len=52
1:518  0:000   - [22]: WSMT  Notebook len=40
1:518  0:000  Calibrated TSC Frequency = 1800273490 = 1800MHz
1:518  0:000  === [ GetUserSettings ] ===================================
1:518  0:000   Custom EDID is ok
1:518  0:000  Can't install EdidOverride on ImageHandle
1:518  0:000  USB FixOwnership: yes
1:518  0:000  Dropping 3 tables:
1:518  0:000   - [00]: Drop table  signature="DMAR" (52414D44)
1:518  0:000           - set table: 52414D44,                0 to drop: yes
1:518  0:000   - [01]: Drop table  signature="SSDT" (54445353) table-id="CpuPm" (0000006D50757043)
1:518  0:000           - set table: 54445353,       6D50757043 to drop: no
1:518  0:000   - [02]: Drop table  signature="SSDT" (54445353) table-id="Cpu0Ist" (0074734930757043)
1:518  0:000           - set table: 54445353,   74734930757043 to drop: no
1:518  0:000   - final DSDT Fix mask=21000004
1:518  0:000  PatchesDSDT: 6 requested
1:518  0:000   - [00]: (Add _SUN property for GIGE) lenToFind: 18, lenToReplace: 25, Target Bridge: <null string>
1:518  0:000    patch disabled at config
1:518  0:000   - [01]: (Rename GFX0 to IGPU) lenToFind: 4, lenToReplace: 4, Target Bridge: <null string>
1:518  0:000   - [02]: (Rename HDEF to AZAL) lenToFind: 4, lenToReplace: 4, Target Bridge: <null string>
1:518  0:000    patch disabled at config
1:518  0:000   - [03]: (Rename oem _DSM to ZDSM) lenToFind: 4, lenToReplace: 4, Target Bridge: <null string>
1:518  0:000    patch disabled at config
1:518  0:000   - [04]: (Rename HECI to IMEI) lenToFind: 4, lenToReplace: 4, Target Bridge: <null string>
1:518  0:000   - [05]: (change HDAS to HDEF) lenToFind: 4, lenToReplace: 4, Target Bridge: <null string>
1:518  0:000  Using ProductName from config: MacBookPro14,1
1:518  0:000  BiosVersion: not set, Using BiosVersion from clover
1:518  0:000  BiosVersion: MBP141.88Z.0173.B00.1802081002
1:518  0:000  BiosReleaseDate: 02/08/2018
1:518  0:000  Using FirmwareFeatures from clover: 0xFC0FE137
1:518  0:000  Using FirmwareFeaturesMask from clover: 0xFF1FFF3F
1:518  0:000  Using PlatformFeature from clover: 0x1A
2:304  0:785  === [ ScanVolumes ] =======================================
2:304  0:000  Found 10 volumes with blockIO
2:304  0:000  - [00]: Volume: PciRoot(0x0)\Pci(0x17,0x0)\Sata(0x0,0xFFFF,0x0)
2:304  0:000  - [01]: Volume: PciRoot(0x0)\Pci(0x17,0x0)\Sata(0x1,0xFFFF,0x0)
2:305  0:000  - [02]: Volume: PciRoot(0x0)\Pci(0x17,0x0)\Sata(0x0,0xFFFF,0x0)\HD(1,GPT,569D9742-78EA-41D3-B54F-B597F108B9DF,0x28,0x64000)
2:305  0:000          Result of bootcode detection: bootable unknown (legacy)
2:352  0:047  - [03]: Volume: PciRoot(0x0)\Pci(0x17,0x0)\Sata(0x0,0xFFFF,0x0)\HD(2,GPT,CA4D636B-8907-487F-9ADA-31D3502E5287,0x64028,0x74662D60)
2:366  0:013  - [04]: Volume: PciRoot(0x0)\Pci(0x17,0x0)\Sata(0x1,0xFFFF,0x0)\HD(1,GPT,2CE91DF8-6262-4CD6-B796-814BB2559188,0x28,0x64000)
2:366  0:000          Result of bootcode detection: bootable unknown (legacy)
2:369  0:002          This is SelfVolume !!
2:369  0:000  - [05]: Volume: PciRoot(0x0)\Pci(0x17,0x0)\Sata(0x1,0xFFFF,0x0)\HD(2,GPT,B5F5FFB0-C623-4F24-8143-92CE9D05E7E0,0x64028,0x3A321FE7)
2:370  0:000          Result of bootcode detection: bootable unknown (legacy)
2:370  0:000  - [06]: Volume: PciRoot(0x0)\Pci(0x17,0x0)\Sata(0x1,0xFFFF,0x0)\HD(2,GPT,B5F5FFB0-C623-4F24-8143-92CE9D05E7E0,0x64028,0x3A321FE7)\VenMedia(BE74FCF7-0B7C-49F3-9147-01F4042E6842,FEB425AE18F8FE44992B778ED94AC636)
2:370  0:000          hiding this volume
2:370  0:000  - [07]: Volume: PciRoot(0x0)\Pci(0x17,0x0)\Sata(0x1,0xFFFF,0x0)\HD(2,GPT,B5F5FFB0-C623-4F24-8143-92CE9D05E7E0,0x64028,0x3A321FE7)\VenMedia(BE74FCF7-0B7C-49F3-9147-01F4042E6842,6A53623CFD84DF47AB176E16895648A3)
2:370  0:000  - [08]: Volume: PciRoot(0x0)\Pci(0x17,0x0)\Sata(0x1,0xFFFF,0x0)\HD(2,GPT,B5F5FFB0-C623-4F24-8143-92CE9D05E7E0,0x64028,0x3A321FE7)\VenMedia(BE74FCF7-0B7C-49F3-9147-01F4042E6842,1065FFED6316B64E8A38B7CA3A1C0974)
2:370  0:000          hiding this volume
2:370  0:000  - [09]: Volume: PciRoot(0x0)\Pci(0x17,0x0)\Sata(0x1,0xFFFF,0x0)\HD(2,GPT,B5F5FFB0-C623-4F24-8143-92CE9D05E7E0,0x64028,0x3A321FE7)\VenMedia(BE74FCF7-0B7C-49F3-9147-01F4042E6842,5487524FEA9FDC4A878CE918C239E331)
2:372  0:002  PutNvramPlistToRtVars: nvram.plist not found
2:372  0:000  === [ InitTheme ] =========================================
2:374  0:001  GlobalConfig: theme.plist not found, get random theme bootcamp
2:382  0:008  Using theme 'bootcamp' (EFI\CLOVER\themes\bootcamp)
2:389  0:006  Loading font from ThemeDir: Success
2:389  0:000  Choosing theme bootcamp
2:389  0:000  after NVRAM boot-args=darkwake=0 -igfxdvmtbeta -igfxbeta
2:389  0:000  === [ Dump SMC keys from NVRAM ] ==========================
2:389  0:000  found AppleSMC protocol
2:390  0:000  Registered 4 SMC keys
2:390  0:000  === [ ScanLoader ] ========================================
2:390  0:000  - [02]: 'EFI'
2:440  0:050  - [03]: 'media'
2:467  0:027  - [04]: 'EFI'
2:516  0:048  - [06]: 'Preboot', hidden
2:516  0:000  - [07]: 'Mac HD'
2:579  0:063          AddLoaderEntry for Volume Name=Mac HD
2:594  0:015      hibernated: set as never
2:681  0:086  - [08]: 'Recovery', hidden
2:681  0:000  - [09]: 'VM'
2:707  0:026  Scanning legacy ...
2:707  0:000  === [ AddCustomTool ] =====================================
2:711  0:003  found tool \EFI\CLOVER\tools\Shell64U.efi
2:711  0:000  Checking EFI partition Volume 2 for Clover
2:712  0:001  Checking EFI partition Volume 4 for Clover
2:716  0:003   Found Clover
2:716  0:000          [!] Icon 2 (icons\func_clover.png) not found (path: EFI\CLOVER\themes\bootcamp)
2:716  0:000  EmuVariable UninstallEmulation: CloseEvent = Success, original var services restored
2:726  0:009  EmuVariable InstallEmulation: orig vars copied, emu.var.services installed, CreateEvent VirtualAddressChange = Success, CreateEvent ExitBootServices = Success, set Status=Success
2:824  0:097  === [ GetEfiBootDeviceFromNvram ] =========================
2:824  0:000   - efi-boot-device-data: PciRoot(0x0)\Pci(0x17,0x0)\Sata(0x1,0xFFFF,0x0)\HD(2,GPT,B5F5FFB0-C623-4F24-8143-92CE9D05E7E0,0x64028,0x3A321FE7)\VenMedia(BE74FCF7-0B7C-49F3-9147-01F4042E6842,6A53623CFD84DF47AB176E16895648A3)
2:824  0:000    - Volume: 'PciRoot(0x0)\Pci(0x17,0x0)\Sata(0x1,0xFFFF,0x0)\HD(2,GPT,B5F5FFB0-C623-4F24-8143-92CE9D05E7E0,0x64028,0x3A321FE7)\VenMedia(BE74FCF7-0B7C-49F3-9147-01F4042E6842,6A53623CFD84DF47AB176E16895648A3)'
2:824  0:000    - LoaderPath: '<null string>'
2:824  0:000    - Guid = B5F5FFB0-C623-4F24-8143-92CE9D05E7E0
2:824  0:000  === [ FindStartupDiskVolume ] =============================
2:824  0:000    - Volume: partition = PciRoot(0x0)\Pci(0x17,0x0)\Sata(0x1,0xFFFF,0x0)\HD(2,GPT,B5F5FFB0-C623-4F24-8143-92CE9D05E7E0,0x64028,0x3A321FE7)\VenMedia(BE74FCF7-0B7C-49F3-9147-01F4042E6842,6A53623CFD84DF47AB176E16895648A3)
2:824  0:000     - searching for that partition
2:824  0:000      - found entry 0. 'Boot macOS from Mac HD', Volume 'Mac HD'
2:824  0:000  Boot redirected to Entry 0. 'Boot macOS from Mac HD'
2:824  0:000  EmuVariable UninstallEmulation: CloseEvent = Success, original var services restored
2:824  0:000  DefaultIndex=0 and MainMenu.EntryCount=7
3:061  0:237  GUI ready
5:249  2:187  Found UEFI Acpi 2.0 RSDP at 9C9A9000
5:249  0:000  Saving ACPI tables from RSDP 9C9A9000 to EFI\CLOVER\ACPI\origin ...
5:249  0:000   9C9A9000: 'RSD PTR ', Rev: 2 (Acpi 2.0 or newer), Len: 36 -> RSDP.aml
5:292  0:043    (Xsdt: 9C9A90B0, Rsdt: 9C9A9028)
5:292  0:000    9C9A90B0: 'XSDT', 'Notebook', Rev: 1, Len: 220 -> XSDT.aml
5:327  0:034    9C9A9028: 'RSDT', 'Notebook', Rev: 1, Len: 128 -> RSDT.aml
5:363  0:035    Tables in Xsdt: 23
5:363  0:000    0. 9C9D4C70: 'FACP', 'Notebook', Rev: 6, Len: 276 -> FACP.aml
5:397  0:034        (Dsdt: 9C9A9218, Facs: 9CDCAF00, XDsdt: 9C9A9218, XFacs: 0)
5:397  0:000        9C9A9218: 'DSDT', 'Notebook', Rev: 2, Len: 178773 -> DSDT.aml
5:446  0:048        9CDCAF00: 'FACS', Ver: 2, Len: 64 -> FACS.aml
5:491  0:044    1. 9C9D4D88: 'APIC', 'Notebook', Rev: 3, Len: 188 -> APIC.aml
5:525  0:034    2. 9C9D4E48: 'FPDT', 'Notebook', Rev: 1, Len: 68 -> FPDT.aml
5:564  0:038    3. 9C9D4E90: 'FIDT', 'Notebook', Rev: 1, Len: 156 -> FIDT.aml
5:596  0:032    4. 9C9D4F30: 'ECDT', 'Notebook', Rev: 1, Len: 193 -> ECDT.aml
5:628  0:031    5. 9C9D4FF8: 'MCFG', 'Notebook', Rev: 1, Len: 60 -> MCFG.aml
5:663  0:035    6. 9C9D5038: 'SSDT', 'SataTabl', Rev: 1, Len: 857 -> SSDT-0-SataTabl.aml
5:700  0:036    7. 9C9D5398: 'SSDT', 'DptfTabl', Rev: 2, Len: 27983 -> SSDT-1-DptfTabl.aml
5:741  0:041    8. 9C9DC0E8: 'MSDM', 'Notebook', Rev: 3, Len: 85 -> MSDM.aml
5:777  0:036    9. 9C9DC140: 'SSDT', 'SaSsdt', Rev: 2, Len: 12615 -> SSDT-2-SaSsdt.aml
5:815  0:037    10. 9C9DF288: 'HPET', 'KBL-ULT', Rev: 1, Len: 56 -> HPET.aml
5:852  0:037    11. 9C9DF2C0: 'UEFI', 'Notebook', Rev: 1, Len: 66 -> UEFI.aml
5:889  0:036    12. 9C9DF308: 'SSDT', 'CpuSsdt', Rev: 2, Len: 6062 -> SSDT-3-CpuSsdt.aml (Found hidden SSDT 7 pcs)
5:931  0:041        * 9C93E318: 'SSDT', 'Cpu0Ist', Rev: 2, Len: 1419  53 53 44 54 8B 05 00 00 02 69 50 6D 52 65 66 00 Internal length = 1419 -> SSDT-x3_0-Cpu0Ist.aml
5:967  0:035        * 9C101018: 'SSDT', 'ApIst', Rev: 2, Len: 3348  53 53 44 54 14 0D 00 00 02 30 50 6D 52 65 66 00 Internal length = 3348 -> SSDT-x3_1-ApIst.aml
6:003  0:036        * 9C102698: 'SSDT', 'Cpu0Cst', Rev: 2, Len: 1023  53 53 44 54 FF 03 00 00 02 17 50 6D 52 65 66 00 Internal length = 1023 -> SSDT-x3_2-Cpu0Cst.aml
6:039  0:035        * 9C100018: 'SSDT', 'ApCst', Rev: 2, Len: 778  53 53 44 54 0A 03 00 00 02 99 50 6D 52 65 66 00 Internal length = 778 -> SSDT-x3_3-ApCst.aml
6:075  0:036        * 9C93ED98: 'SSDT', 'Cpu0Hwp', Rev: 2, Len: 186  53 53 44 54 BA 00 00 00 02 83 50 6D 52 65 66 00 Internal length = 186 -> SSDT-x3_4-Cpu0Hwp.aml
6:119  0:043        * 9C100418: 'SSDT', 'ApHwp', Rev: 2, Len: 791  53 53 44 54 17 03 00 00 02 86 50 6D 52 65 66 00 Internal length = 791 -> SSDT-x3_5-ApHwp.aml
6:157  0:038        * 9C102018: 'SSDT', 'HwpLvt', Rev: 2, Len: 1576  53 53 44 54 28 06 00 00 02 8B 50 6D 52 65 66 00 Internal length = 1576 -> SSDT-x3_6-HwpLvt.aml
6:194  0:036  
6:194  0:000    13. 9C9E0AB8: 'LPIT', 'KBL-ULT', Rev: 1, Len: 148 -> LPIT.aml
6:231  0:036    14. 9C9E0B50: 'SSDT', 'HdaDsp', Rev: 2, Len: 321 -> SSDT-4-HdaDsp.aml
6:267  0:035    15. 9C9E0C98: 'SSDT', 'sensrhub', Rev: 2, Len: 671 -> SSDT-5-sensrhub.aml
6:304  0:036    16. 9C9E0F38: 'SSDT', 'TbtTypeC', Rev: 2, Len: 1303 -> SSDT-6-TbtTypeC.aml
6:349  0:044    17. 9C9E1450: 'DBGP', '', Rev: 1, Len: 52 -> DBGP.aml
6:386  0:037    18. 9C9E1488: 'DBG2', '', Rev: 0, Len: 84 -> DBG2.aml
6:422  0:035    19. 9C9E14E0: 'DMAR', 'KBL', Rev: 1, Len: 312 -> DMAR.aml
6:458  0:035    20. 9C9E1618: 'BGRT', 'Notebook', Rev: 1, Len: 56 -> BGRT.aml
6:519  0:060    21. 9C9E1650: 'TPM2', 'Notebook', Rev: 3, Len: 52 -> TPM2.aml
6:554  0:034    22. 9C9E1688: 'WSMT', 'Notebook', Rev: 1, Len: 40 -> WSMT.aml
6:590  0:036    Tables in Rsdt: 23
6:590  0:000    0. 9C9A9190: 'FACP', 'Notebook', Rev: 2, Len: 132 -> RSDT-FACP.aml
6:626  0:035        (Dsdt: 9C9A9218, Facs: 9CDCAEC0)
6:626  0:000        9C9A9218: 'DSDT', 'Notebook', Rev: 2, Len: 178773
6:631  0:005        9CDCAEC0: 'FACS', Ver: 0, Len: 64 -> RSDT-FACS.aml
6:668  0:036    1. 9C9D4D88: 'APIC', 'Notebook', Rev: 3, Len: 188
6:668  0:000    2. 9C9D4E48: 'FPDT', 'Notebook', Rev: 1, Len: 68
6:668  0:000    3. 9C9D4E90: 'FIDT', 'Notebook', Rev: 1, Len: 156
6:668  0:000    4. 9C9D4F30: 'ECDT', 'Notebook', Rev: 1, Len: 193
6:668  0:000    5. 9C9D4FF8: 'MCFG', 'Notebook', Rev: 1, Len: 60
6:668  0:000    6. 9C9D5038: 'SSDT', 'SataTabl', Rev: 1, Len: 857
6:668  0:000    7. 9C9D5398: 'SSDT', 'DptfTabl', Rev: 2, Len: 27983
6:668  0:000    8. 9C9DC0E8: 'MSDM', 'Notebook', Rev: 3, Len: 85
6:668  0:000    9. 9C9DC140: 'SSDT', 'SaSsdt', Rev: 2, Len: 12615
6:668  0:000    10. 9C9DF288: 'HPET', 'KBL-ULT', Rev: 1, Len: 56
6:668  0:000    11. 9C9DF2C0: 'UEFI', 'Notebook', Rev: 1, Len: 66
6:668  0:000    12. 9C9DF308: 'SSDT', 'CpuSsdt', Rev: 2, Len: 6062
6:668  0:000    13. 9C9E0AB8: 'LPIT', 'KBL-ULT', Rev: 1, Len: 148
6:668  0:000    14. 9C9E0B50: 'SSDT', 'HdaDsp', Rev: 2, Len: 321
6:668  0:000    15. 9C9E0C98: 'SSDT', 'sensrhub', Rev: 2, Len: 671
6:668  0:000    16. 9C9E0F38: 'SSDT', 'TbtTypeC', Rev: 2, Len: 1303
6:668  0:000    17. 9C9E1450: 'DBGP', '', Rev: 1, Len: 52
6:668  0:000    18. 9C9E1488: 'DBG2', '', Rev: 0, Len: 84
6:668  0:000    19. 9C9E14E0: 'DMAR', 'KBL', Rev: 1, Len: 312
6:668  0:000    20. 9C9E1618: 'BGRT', 'Notebook', Rev: 1, Len: 56
6:668  0:000    21. 9C9E1650: 'TPM2', 'Notebook', Rev: 3, Len: 52
6:668  0:000    22. 9C9E1688: 'WSMT', 'Notebook', Rev: 1, Len: 40
6:668  0:000  Found UEFI Acpi 1.0 RSDP at 9C9A9000
6:668  0:000  Printing ACPI tables from RSDP 9C9A9000 ...
6:668  0:000   9C9A9000: 'RSD PTR ', Rev: 2 (Acpi 2.0 or newer), Len: 36
6:668  0:000    (Xsdt: 9C9A90B0, Rsdt: 9C9A9028)
6:668  0:000    9C9A90B0: 'XSDT', 'Notebook', Rev: 1, Len: 220
6:668  0:000    9C9A9028: 'RSDT', 'Notebook', Rev: 1, Len: 128
6:668  0:000    Tables in Xsdt: 23
6:668  0:000    0. 9C9D4C70: 'FACP', 'Notebook', Rev: 6, Len: 276
6:668  0:000        (Dsdt: 9C9A9218, Facs: 9CDCAF00, XDsdt: 9C9A9218, XFacs: 0)
6:668  0:000        9C9A9218: 'DSDT', 'Notebook', Rev: 2, Len: 178773
6:674  0:005        9CDCAF00: 'FACS', Ver: 2, Len: 64
6:674  0:000    1. 9C9D4D88: 'APIC', 'Notebook', Rev: 3, Len: 188
6:674  0:000    2. 9C9D4E48: 'FPDT', 'Notebook', Rev: 1, Len: 68
6:674  0:000    3. 9C9D4E90: 'FIDT', 'Notebook', Rev: 1, Len: 156
6:674  0:000    4. 9C9D4F30: 'ECDT', 'Notebook', Rev: 1, Len: 193
6:674  0:000    5. 9C9D4FF8: 'MCFG', 'Notebook', Rev: 1, Len: 60
6:674  0:000    6. 9C9D5038: 'SSDT', 'SataTabl', Rev: 1, Len: 857
6:674  0:000    7. 9C9D5398: 'SSDT', 'DptfTabl', Rev: 2, Len: 27983
6:674  0:000    8. 9C9DC0E8: 'MSDM', 'Notebook', Rev: 3, Len: 85
6:674  0:000    9. 9C9DC140: 'SSDT', 'SaSsdt', Rev: 2, Len: 12615
6:674  0:000    10. 9C9DF288: 'HPET', 'KBL-ULT', Rev: 1, Len: 56
6:674  0:000    11. 9C9DF2C0: 'UEFI', 'Notebook', Rev: 1, Len: 66
6:674  0:000    12. 9C9DF308: 'SSDT', 'CpuSsdt', Rev: 2, Len: 6062
6:674  0:000    13. 9C9E0AB8: 'LPIT', 'KBL-ULT', Rev: 1, Len: 148
6:674  0:000    14. 9C9E0B50: 'SSDT', 'HdaDsp', Rev: 2, Len: 321
6:674  0:000    15. 9C9E0C98: 'SSDT', 'sensrhub', Rev: 2, Len: 671
6:674  0:000    16. 9C9E0F38: 'SSDT', 'TbtTypeC', Rev: 2, Len: 1303
6:674  0:000    17. 9C9E1450: 'DBGP', '', Rev: 1, Len: 52
6:674  0:000    18. 9C9E1488: 'DBG2', '', Rev: 0, Len: 84
6:674  0:000    19. 9C9E14E0: 'DMAR', 'KBL', Rev: 1, Len: 312
6:674  0:000    20. 9C9E1618: 'BGRT', 'Notebook', Rev: 1, Len: 56
6:674  0:000    21. 9C9E1650: 'TPM2', 'Notebook', Rev: 3, Len: 52
6:674  0:000    22. 9C9E1688: 'WSMT', 'Notebook', Rev: 1, Len: 40
6:674  0:000    Tables in Rsdt: 23
6:674  0:000    0. 9C9A9190: 'FACP', 'Notebook', Rev: 2, Len: 132
6:674  0:000        (Dsdt: 9C9A9218, Facs: 9CDCAEC0)
6:674  0:000        9C9A9218: 'DSDT', 'Notebook', Rev: 2, Len: 178773
6:679  0:005        9CDCAEC0: 'FACS', Ver: 0, Len: 64
6:679  0:000    1. 9C9D4D88: 'APIC', 'Notebook', Rev: 3, Len: 188
6:679  0:000    2. 9C9D4E48: 'FPDT', 'Notebook', Rev: 1, Len: 68
6:679  0:000    3. 9C9D4E90: 'FIDT', 'Notebook', Rev: 1, Len: 156
6:679  0:000    4. 9C9D4F30: 'ECDT', 'Notebook', Rev: 1, Len: 193
6:679  0:000    5. 9C9D4FF8: 'MCFG', 'Notebook', Rev: 1, Len: 60
6:679  0:000    6. 9C9D5038: 'SSDT', 'SataTabl', Rev: 1, Len: 857
6:679  0:000    7. 9C9D5398: 'SSDT', 'DptfTabl', Rev: 2, Len: 27983
6:679  0:000    8. 9C9DC0E8: 'MSDM', 'Notebook', Rev: 3, Len: 85
6:679  0:000    9. 9C9DC140: 'SSDT', 'SaSsdt', Rev: 2, Len: 12615
6:679  0:000    10. 9C9DF288: 'HPET', 'KBL-ULT', Rev: 1, Len: 56
6:679  0:000    11. 9C9DF2C0: 'UEFI', 'Notebook', Rev: 1, Len: 66
6:679  0:000    12. 9C9DF308: 'SSDT', 'CpuSsdt', Rev: 2, Len: 6062
6:679  0:000    13. 9C9E0AB8: 'LPIT', 'KBL-ULT', Rev: 1, Len: 148
6:679  0:000    14. 9C9E0B50: 'SSDT', 'HdaDsp', Rev: 2, Len: 321
6:679  0:000    15. 9C9E0C98: 'SSDT', 'sensrhub', Rev: 2, Len: 671
6:679  0:000    16. 9C9E0F38: 'SSDT', 'TbtTypeC', Rev: 2, Len: 1303
6:679  0:000    17. 9C9E1450: 'DBGP', '', Rev: 1, Len: 52
6:679  0:000    18. 9C9E1488: 'DBG2', '', Rev: 0, Len: 84
6:679  0:000    19. 9C9E14E0: 'DMAR', 'KBL', Rev: 1, Len: 312
6:679  0:000    20. 9C9E1618: 'BGRT', 'Notebook', Rev: 1, Len: 56
6:679  0:000    21. 9C9E1650: 'TPM2', 'Notebook', Rev: 3, Len: 52
6:679  0:000    22. 9C9E1688: 'WSMT', 'Notebook', Rev: 1, Len: 40
7:567  0:888  Boot option Boot0000 not found
7:567  0:000  === [ StartLoader ] =======================================
7:567  0:000  Finally: ExternalClock=25MHz BusSpeed=100015kHz CPUFreq=1800MHz PIS: hw.busfrequency=100000000Hz
7:567  0:000  Loading boot.efi  status=Success
7:695  0:128  GetOSVersion: 10.13.4 (17E199)
7:695  0:000  CSR_CFG: CSR_ALLOW_UNTRUSTED_KEXTS | CSR_ALLOW_UNRESTRICTED_FS | CSR_ALLOW_APPLE_INTERNAL
7:695  0:000  Filtering KextPatches:
7:695  0:000   - [00]: com.apple.driver.AppleIntelSKLGraphicsFramebuffer (显存1536MB->2048MB) :: BinPatch :: [OS: 10.13.4 | MatchOS: All | MatchBuild: All] ==> allowed
7:695  0:000   - [01]: com.apple.driver.AppleBacklight (AppleBacklightInjector.kext (credit RehabMan)) :: BinPatch :: [OS: 10.13.4 | MatchOS: All | MatchBuild: All] ==> allowed
7:695  0:000   - [02]: com.apple.driver.AppleIntelSKLGraphicsFramebuffer (HDMI-audio补丁,端口0204,0x19160000) :: BinPatch :: [OS: 10.13.4 | MatchOS: All | MatchBuild: All] ==> allowed
7:695  0:000   - [03]: com.apple.driver.AppleIntelSKLGraphicsFramebuffer (HDMI-audio补丁,端口0105,0x19160000) :: BinPatch :: [OS: 10.13.4 | MatchOS: All | MatchBuild: All] ==> allowed
7:695  0:000   - [04]: com.apple.iokit.IOAHCIBlockStorage (Enable TRIM for SSD) :: BinPatch :: [OS: 10.13.4 | MatchOS: All | MatchBuild: All] ==> allowed
7:695  0:000   - [05]: com.apple.iokit.IOGraphicsFamily (第二阶段8个苹果) :: BinPatch :: [OS: 10.13.4 | MatchOS: 10.13.x | MatchBuild: All] ==> allowed
7:695  0:000   - [06]: com.apple.driver.AppleAHCIPort (扩展磁盘图标补丁) :: BinPatch :: [OS: 10.13.4 | MatchOS: All | MatchBuild: All] ==> allowed
7:695  0:000  Will not patch boot.efi
7:695  0:000  EmuVariable InstallEmulation: orig vars copied, emu.var.services installed, CreateEvent VirtualAddressChange = Success, CreateEvent ExitBootServices = Success, set Status=Success
7:794  0:098  === [ PatchSmbios ] =======================================
7:794  0:000  insert table 9 for dev 0:0
7:795  0:000  Trusting SMBIOS...
7:795  0:000  Channels: 1
7:795  0:000  Interleave: 0 1 2 3 4 5 6 7 8 9 10 11 12 13 14 15 16 17 18 19 20 21 22 23
7:795  0:000  SMBIOS Type 17 Index = 0 => 0 0:
7:795  0:000  BANK 0 DIMM0 EMPTY
7:795  0:000  SMBIOS Type 17 Index = 1 => 1 1:
7:795  0:000  BANK 0 DIMM1 EMPTY
7:795  0:000   partNum=M471A1K43CB1-CRC    
7:795  0:000  SMBIOS Type 17 Index = 2 => 2 2:
7:795  0:000  BANK 0 DIMM2 2400MHz 8192MB
7:795  0:000  mTotalSystemMemory = 8192
7:795  0:000  NumberOfMemoryDevices = 3
7:795  0:000  Type20[0]->End = 0x7FFFFF, Type17[2] = 0x2000
7:795  0:000  Table 131 is present, CPUType=31
7:795  0:000  Change to: 605
7:795  0:000  === [ PatchACPI ] =========================================
7:795  0:000  Xsdt reallocation done
7:795  0:000  old FADT length=114
7:795  0:000   SignatureFixup: 0xAC33AABC -> 0x0
7:796  0:001  DSDT found in Clover volume OEM folder: EFI\CLOVER\ACPI\patched\DSDT.aml
7:801  0:004  Apply DsdtFixMask=0x21000004
7:801  0:000     drop _DSM mask=0xFFFF
7:801  0:000  === [ FixBiosDsdt ] =======================================
7:801  0:000  VideoCard devID=0x59178086
7:801  0:000  DisplayADR1[0] = 0x20000, DisplayADR2[0] = 0xFFFE
7:801  0:000  USBADR[0] = 0x140000 and PCIe = 0xFFFE
7:832  0:030  Audio HDA (addr:0x1F0003) setting specified layout-id=3 (0x3)
7:832  0:000  Patching DSDT:
7:832  0:000   - [Add _SUN property for GIGE]: disabled
7:832  0:000   - [Rename GFX0 to IGPU]: pattern 47465830, patched at: [ (1DC) (12) (12) (12) (12) (12) (12) (12) (12) (12) (12) (12) (12) (12) (12) (12) (12) (12) (3911) (5D91) (7566) (1B) (34CC) (14) (8B49) (1783) (6FA4) ]
7:833  0:000   - [Rename HDEF to AZAL]: disabled
7:833  0:000   - [Rename oem _DSM to ZDSM]: disabled
7:833  0:000   - [Rename HECI to IMEI]: pattern 48454349, patched at: [ (10A7F) ]
7:833  0:000   - [change HDAS to HDEF]: pattern 48444153, patched at: [ (368) (12) (12) (A705) (15A1) (84) (D) (2B) (32) (4F) (6F) (C4) (10F49) (15FB) ]
7:833  0:000  first CPU found at 9469 offset 946C
7:833  0:000  score candidate at 9465
7:833  0:000  score inserted in acpi_cpu_score _PR_
7:833  0:000  Found ACPI CPU: PR00 | PR01 | PR02 | PR03 | PR04 | PR05 | PR06 | PR07 | PR08 | PR09 | PR10 | PR11 | PR12 | PR13 | PR14 | PR15 , within the score: _PR_
7:835  0:001  Start PNLF Fix
7:836  0:001  found PWRB at 256AC
7:836  0:000  Start SHUTDOWN Fix len=2C450
7:837  0:000  PreCleanup XSDT: count=23, length=220
7:837  0:000  PreCleanup XSDT, corrected XSDT: count=23, length=220
7:837  0:000  === [ ACPIDropTables ] ====================================
7:837  0:000  Drop tables from XSDT, SIGN=DMAR TableID=KBL  Length=312
7:837  0:000   Table[19]: DMAR  KBL   312 dropped
7:837  0:000  === [ PatchAllSSDT ] ======================================
7:837  0:000  Patch table: SSDT  SataTabl len=0x359
7:837  0:000  0. [Add _SUN property for GIGE]: disabled
7:837  0:000  1. [Rename GFX0 to IGPU]: pattern 47465830, bin not found / already patched!
7:837  0:000  2. [Rename HDEF to AZAL]: disabled
7:837  0:000  3. [Rename oem _DSM to ZDSM]: disabled
7:837  0:000  4. [Rename HECI to IMEI]: pattern 48454349, bin not found / already patched!
7:837  0:000  5. [change HDAS to HDEF]: pattern 48444153, bin not found / already patched!
7:837  0:000  Patch table: SSDT  DptfTabl len=0x6D4F
7:837  0:000  0. [Add _SUN property for GIGE]: disabled
7:837  0:000  1. [Rename GFX0 to IGPU]: pattern 47465830, bin not found / already patched!
7:837  0:000  2. [Rename HDEF to AZAL]: disabled
7:837  0:000  3. [Rename oem _DSM to ZDSM]: disabled
7:837  0:000  4. [Rename HECI to IMEI]: pattern 48454349, bin not found / already patched!
7:837  0:000  5. [change HDAS to HDEF]: pattern 48444153, bin not found / already patched!
7:837  0:000  Patch table: SSDT  SaSsdt  len=0x3147
7:837  0:000  0. [Add _SUN property for GIGE]: disabled
7:837  0:000  1. [Rename GFX0 to IGPU]: pattern 47465830, patched at: [ (2D) (E) (46) (2A0) (1C8A) (A3A) (1D) (6EC) ]
7:837  0:000  2. [Rename HDEF to AZAL]: disabled
7:837  0:000  3. [Rename oem _DSM to ZDSM]: disabled
7:837  0:000  4. [Rename HECI to IMEI]: pattern 48454349, bin not found / already patched!
7:837  0:000  5. [change HDAS to HDEF]: pattern 48444153, bin not found / already patched!
7:837  0:000  Patch table: SSDT  CpuSsdt len=0x17AE
7:837  0:000  0. [Add _SUN property for GIGE]: disabled
7:837  0:000  1. [Rename GFX0 to IGPU]: pattern 47465830, bin not found / already patched!
7:837  0:000  2. [Rename HDEF to AZAL]: disabled
7:837  0:000  3. [Rename oem _DSM to ZDSM]: disabled
7:837  0:000  4. [Rename HECI to IMEI]: pattern 48454349, bin not found / already patched!
7:837  0:000  5. [change HDAS to HDEF]: pattern 48444153, bin not found / already patched!
7:837  0:000  Patch table: SSDT  HdaDsp len=0x141
7:837  0:000  0. [Add _SUN property for GIGE]: disabled
7:837  0:000  1. [Rename GFX0 to IGPU]: pattern 47465830, bin not found / already patched!
7:837  0:000  2. [Rename HDEF to AZAL]: disabled
7:837  0:000  3. [Rename oem _DSM to ZDSM]: disabled
7:837  0:000  4. [Rename HECI to IMEI]: pattern 48454349, bin not found / already patched!
7:837  0:000  5. [change HDAS to HDEF]: pattern 48444153, patched at: [ (20) (48) ]
7:837  0:000  Patch table: SSDT  sensrhub len=0x29F
7:837  0:000  0. [Add _SUN property for GIGE]: disabled
7:837  0:000  1. [Rename GFX0 to IGPU]: pattern 47465830, bin not found / already patched!
7:837  0:000  2. [Rename HDEF to AZAL]: disabled
7:837  0:000  3. [Rename oem _DSM to ZDSM]: disabled
7:837  0:000  4. [Rename HECI to IMEI]: pattern 48454349, bin not found / already patched!
7:837  0:000  5. [change HDAS to HDEF]: pattern 48444153, bin not found / already patched!
7:837  0:000  Patch table: SSDT  TbtTypeC len=0x517
7:837  0:000  0. [Add _SUN property for GIGE]: disabled
7:837  0:000  1. [Rename GFX0 to IGPU]: pattern 47465830, bin not found / already patched!
7:837  0:000  2. [Rename HDEF to AZAL]: disabled
7:837  0:000  3. [Rename oem _DSM to ZDSM]: disabled
7:837  0:000  4. [Rename HECI to IMEI]: pattern 48454349, bin not found / already patched!
7:837  0:000  5. [change HDAS to HDEF]: pattern 48444153, bin not found / already patched!
7:837  0:000  === [ ACPIPatchedAML ] ====================================
7:837  0:000  Unsorted
7:837  0:000  Inserting SSDT-PNLF.aml from EFI\CLOVER\ACPI\patched: size=978 ... Success
7:840  0:002  CPUBase=0 and ApicCPUBase=1 ApicCPUNum=1
7:840  0:000  Maximum control=0x12
7:840  0:000  Turbo control=0x22
7:840  0:000  P-States: min 0x4, max 0x22
7:840  0:000  SSDT with plugin-type without P-States is generated
7:840  0:000  Cleanup XSDT: count=25, length=236
7:840  0:000  corrected XSDT count=24, length=228
7:840  0:000  === [ RestSetup macOS ] ===================================
7:840  0:000  --- Custom EDID Table size:128
7:840  0:000  000  |  00  FF  FF  FF  FF  FF  FF  00  06  10
7:840  0:000  010  |  12  A0  00  00  00  00  1C  16  01  04
7:840  0:000  020  |  B5  30  1B  78  22  6F  B1  A7  55  4C
7:840  0:000  030  |  9E  25  0C  50  54  00  00  00  01  01
7:840  0:000  040  |  01  01  01  01  01  01  01  01  01  01
7:840  0:000  050  |  01  01  01  01  14  37  80  A6  70  38
7:840  0:000  060  |  2E  40  6C  30  AA  00  58  C1  10  00
7:840  0:000  070  |  00  18  00  00  00  FC  00  69  4D  61
7:840  0:000  080  |  63  0A  20  20  20  20  20  20  20  20
7:840  0:000  090  |  00  00  00  FE  00  41  55  4F  0A  20
7:840  0:000  100  |  20  20  20  20  20  20  20  20  00  00
7:840  0:000  110  |  00  FE  00  42  31  35  36  48  41  4E
7:840  0:000  120  |  30  32  2E  31  20  0A  00  49
7:840  0:000  Intel UHD Graphics 620 [8086:5917] :: PciRoot(0x0)\Pci(0x2,0x0)
7:840  0:000    Found Full HD Display - 16:9 :: Width=1920 Height=1080
7:840  0:000    IntelHDMI: used
7:840  0:000    AAPL00,override-no-connect: added
7:840  0:000    Beginning DualLink auto-detection
7:840  0:000    High Resolution Display
7:840  0:000    AAPL00,DualLink = 1
7:840  0:000    FakeID Intel GFX: not set
7:840  0:000    ig-platform-id: not set
7:840  0:000    Beginning Intel GFX auto-detection with ACPI injection
7:840  0:000    Found FakeID Intel GFX = 0x59168086
7:840  0:000    Found ig-platform-id = 0x59160000
7:840  0:000  Intel GFX revision  = 0x7
7:841  0:000   RCBA disabled; cannot use it
7:841  0:000   setting specified layout-id=3 (0x3)
7:841  0:000  stringlength = 3318
7:841  0:000  CurrentMode: Width=1920 Height=1080
7:841  0:000  Beginning FSInjection
FSInjectionInstall ...
- Our FSI_SIMPLE_FILE_SYSTEM_PROTOCOL installed on handle: 997E3B98
FSInjectionInstall ...
- Our FSI_SIMPLE_FILE_SYSTEM_PROTOCOL installed on handle: 997E3B98
7:844  0:002  Use origin smbios table type 1 guid.
7:847  0:003  Preparing kexts injection for arch=x86_64 from EFI\CLOVER\kexts\Other
7:847  0:000  Extra kext: EFI\CLOVER\kexts\Other\VoodooHDA.kext (v.2.9.1)
7:860  0:013  Extra kext: EFI\CLOVER\kexts\Other\USBInjectAll.kext (v.0.6.4)
8:403  0:543  Extra kext: EFI\CLOVER\kexts\Other\Sinetek-rtsx.kext (v.1)
8:416  0:012  Extra kext: EFI\CLOVER\kexts\Other\Shiki.kext (v.2.2.5)
8:429  0:013  Extra kext: EFI\CLOVER\kexts\Other\NullEthernet.kext (v.1.0.6)
8:442  0:012  Extra kext: EFI\CLOVER\kexts\Other\FakePCIID.kext (v.1.3.11)
8:453  0:011  Extra kext: EFI\CLOVER\kexts\Other\FakePCIID_XHCIMux.kext (v.1.3.11)
8:470  0:016  Extra kext: EFI\CLOVER\kexts\Other\FakePCIID_Intel_HDMI_Audio.kext (v.1.3.11)
8:485  0:015  Extra kext: EFI\CLOVER\kexts\Other\FakePCIID_Intel_HD_Graphics.kext (v.1.3.11)
8:505  0:020  Extra kext: EFI\CLOVER\kexts\Other\AsusNBFnKeys.kext (v.2.5.5)
8:522  0:017  Extra kext: EFI\CLOVER\kexts\Other\VoodooI2CHID.kext (v.1)
8:551  0:028  Extra kext: EFI\CLOVER\kexts\Other\VoodooI2C.kext (v.3.0.0)
8:571  0:019    |-- PlugIn kext: EFI\CLOVER\kexts\Other\VoodooI2C.kext\Contents\PlugIns\VoodooI2CServices.kext (v.1)
8:584  0:013    |-- PlugIn kext: EFI\CLOVER\kexts\Other\VoodooI2C.kext\Contents\PlugIns\VoodooGPIO.kext (v.1.1)
8:598  0:013  Extra kext: EFI\CLOVER\kexts\Other\Lilu.kext (v.1.2.2)
8:613  0:014  Extra kext: EFI\CLOVER\kexts\Other\IntelGraphicsFixup.kext (v.1.2.6)
8:631  0:018  Extra kext: EFI\CLOVER\kexts\Other\IntelGraphicsDVMTFixup.kext (v.1.2.0)
8:646  0:015  Extra kext: EFI\CLOVER\kexts\Other\VoodooPS2Controller.kext (v.1.8.29)
8:669  0:022    |-- PlugIn kext: EFI\CLOVER\kexts\Other\VoodooPS2Controller.kext\Contents\PlugIns\VoodooPS2Keyboard.kext (v.1.8.29)
8:728  0:059  Extra kext: EFI\CLOVER\kexts\Other\FakeSMC.kext (v.1765)
8:767  0:038    |-- PlugIn kext: EFI\CLOVER\kexts\Other\FakeSMC.kext\Contents\PlugIns\FakeSMC_CPUSensors.kext (v.1765)
8:783  0:016    |-- PlugIn kext: EFI\CLOVER\kexts\Other\FakeSMC.kext\Contents\PlugIns\FakeSMC_GPUSensors.kext (v.1765)
8:806  0:022    |-- PlugIn kext: EFI\CLOVER\kexts\Other\FakeSMC.kext\Contents\PlugIns\FakeSMC_ACPISensors.kext (v.1765)
8:835  0:028    |-- PlugIn kext: EFI\CLOVER\kexts\Other\FakeSMC.kext\Contents\PlugIns\FakeSMC_LPCSensors.kext (v.1765)
9:306  0:471  Extra kext: EFI\CLOVER\kexts\Other\ACPIBatteryManager.kext (v.1.81.4)
9:331  0:025  SetStartupDiskVolume:
9:331  0:000    * Volume: 'Mac HD'
9:331  0:000    * LoaderPath: '<null string>'
9:331  0:000    * DevPath: Mac HD
9:331  0:000    * GUID = B5F5FFB0-C623-4F24-8143-92CE9D05E7E0
9:331  0:000    * efi-boot-device: <array><dict><key>IOMatch</key><dict><key>IOProviderClass</key><string>IOMedia</string><key>IOPropertyMatch</key><dict><key>UUID</key><string>B5F5FFB0-C623-4F24-8143-92CE9D05E7E0</string></dict></dict></dict></array>
9:331  0:000  SetScreenResolution: 1920x1080 - already set
9:331  0:000  Custom boot is disabled
9:331  0:000  Closing log
